Timestamp	Filename	Error	Message
2013-08-27 17:31:53.087 -0400	FMPHP_Sample.fp7	0	Conversion started.
2013-08-27 17:31:53.100 -0400	FMPHP_Sample.fp7	0	Product version: '7.0', File Format version: '7'
2013-08-27 17:31:53.102 -0400	FMPHP_Sample.fmp12	0	Copying source file to destination
2013-08-27 17:31:53.124 -0400	FMPHP_Sample.fmp12	0	Updating old file Headers/Creator/FileType
2013-08-27 17:31:53.178 -0400	FMPHP_Sample.fmp12	0	Updating catalogs with newer encoding
2013-08-27 17:31:53.184 -0400	FMPHP_Sample.fmp12	0	Recovering: table catalog
2013-08-27 17:31:53.186 -0400	FMPHP_Sample.fmp12	0	  Rebuilding table catalog order list: name 
2013-08-27 17:31:53.187 -0400	FMPHP_Sample.fmp12	0	Recovering: table alias catalog
2013-08-27 17:31:53.187 -0400	FMPHP_Sample.fmp12	0	  Rebuilding table alias catalog order list: name 
2013-08-27 17:31:53.188 -0400	FMPHP_Sample.fmp12	0	Recovering: user account catalog
2013-08-27 17:31:53.188 -0400	FMPHP_Sample.fmp12	0	  Rebuilding user account catalog order list: name 
2013-08-27 17:31:53.189 -0400	FMPHP_Sample.fmp12	0	Recovering: privilege set catalog
2013-08-27 17:31:53.189 -0400	FMPHP_Sample.fmp12	0	  Rebuilding privilege set catalog order list: name 
2013-08-27 17:31:53.191 -0400	FMPHP_Sample.fmp12	0	Recovering: extended privileges catalog
2013-08-27 17:31:53.191 -0400	FMPHP_Sample.fmp12	0	  Rebuilding extended privileges catalog order list: name 
2013-08-27 17:31:53.192 -0400	FMPHP_Sample.fmp12	0	Recovering: value list catalog
2013-08-27 17:31:53.193 -0400	FMPHP_Sample.fmp12	0	  Rebuilding value list catalog order list: name 
2013-08-27 17:31:53.194 -0400	FMPHP_Sample.fmp12	0	Recovering: font catalog
2013-08-27 17:31:53.195 -0400	FMPHP_Sample.fmp12	0	  Rebuilding font catalog order list: name 
2013-08-27 17:31:53.222 -0400	FMPHP_Sample.fmp12	0	Recovering: field catalog 'SAMPLE_CONFIGURATION'
2013-08-27 17:31:53.222 -0400	FMPHP_Sample.fmp12	0	  Rebuilding field catalog 'SAMPLE_CONFIGURATION' order list: name 
2013-08-27 17:31:53.227 -0400	FMPHP_Sample.fmp12	0	Recovering: field catalog 'ENGLISH_NATURE'
2013-08-27 17:31:53.228 -0400	FMPHP_Sample.fmp12	0	  Rebuilding field catalog 'ENGLISH_NATURE' order list: name 
2013-08-27 17:31:53.229 -0400	FMPHP_Sample.fmp12	0	Recovering: layout catalog
2013-08-27 17:31:53.230 -0400	FMPHP_Sample.fmp12	0	  Rebuilding layout catalog order list: name 
2013-08-27 17:31:53.231 -0400	FMPHP_Sample.fmp12	0	Recovering: script catalog
2013-08-27 17:31:53.232 -0400	FMPHP_Sample.fmp12	0	  Rebuilding script catalog order list: name 
2013-08-27 17:31:53.235 -0400	FMPHP_Sample.fmp12	0	Recovering: custom menu set catalog
2013-08-27 17:31:53.236 -0400	FMPHP_Sample.fmp12	0	  Rebuilding custom menu set catalog order list: name 
2013-08-27 17:31:53.237 -0400	FMPHP_Sample.fmp12	0	Recovering: custom menu catalog
2013-08-27 17:31:53.237 -0400	FMPHP_Sample.fmp12	0	  Rebuilding custom menu catalog order list: name 
2013-08-27 17:31:53.241 -0400	FMPHP_Sample.fmp12	0	Updating script catalog checksums
2013-08-27 17:31:53.242 -0400	FMPHP_Sample.fmp12	0	Recovering: script catalog
2013-08-27 17:31:53.255 -0400	FMPHP_Sample.fmp12	0	  Rebuilding script catalog order list: quick reference 
2013-08-27 17:31:53.258 -0400	FMPHP_Sample.fmp12	0	  Rebuilding script catalog order list: name 
2013-08-27 17:31:53.261 -0400	FMPHP_Sample.fmp12	0	  Rebuilding script catalog order list: custom 
2013-08-27 17:31:53.263 -0400	FMPHP_Sample.fmp12	0	  Recovering: script 'OnOpen' (1)
2013-08-27 17:31:53.265 -0400	FMPHP_Sample.fmp12	0	  Recovering: script 'Reset fields' (9)
2013-08-27 17:31:53.266 -0400	FMPHP_Sample.fmp12	0	  Recovering: script 'Show Sample Data' (10)
2013-08-27 17:31:53.266 -0400	FMPHP_Sample.fmp12	0	  Recovering: script 'Find' (16)
2013-08-27 17:31:53.268 -0400	FMPHP_Sample.fmp12	0	  Recovering: script 'Go to Form Layout' (17)
2013-08-27 17:31:53.268 -0400	FMPHP_Sample.fmp12	0	  Recovering: script 'Go to List Layout' (18)
2013-08-27 17:31:53.269 -0400	FMPHP_Sample.fmp12	0	  Recovering: script 'OnClose' (21)
2013-08-27 17:31:53.269 -0400	FMPHP_Sample.fmp12	0	  Recovering: script 'Adjust Window' (22)
2013-08-27 17:31:53.271 -0400	FMPHP_Sample.fmp12	0	  Recovering: script '-' (23)
2013-08-27 17:31:53.272 -0400	FMPHP_Sample.fmp12	0	  Recovering: script '-' (24)
2013-08-27 17:31:53.272 -0400	FMPHP_Sample.fmp12	0	  Recovering: script 'Echantillons' (25)
2013-08-27 17:31:53.273 -0400	FMPHP_Sample.fmp12	0	  Recovering: script 'Rechercher' (27)
2013-08-27 17:31:53.275 -0400	FMPHP_Sample.fmp12	0	  Recovering: script 'Activer modèle Formulaire' (28)
2013-08-27 17:31:53.275 -0400	FMPHP_Sample.fmp12	0	  Recovering: script 'Activer modèle Liste' (29)
2013-08-27 17:31:53.276 -0400	FMPHP_Sample.fmp12	0	  Recovering: script 'Ajuster fenêtre' (30)
2013-08-27 17:31:53.277 -0400	FMPHP_Sample.fmp12	0	  Recovering: script '-' (31)
2013-08-27 17:31:53.277 -0400	FMPHP_Sample.fmp12	0	  Recovering: script 'Mostra dati di esempio' (32)
2013-08-27 17:31:53.278 -0400	FMPHP_Sample.fmp12	0	  Recovering: script 'Trova' (33)
2013-08-27 17:31:53.279 -0400	FMPHP_Sample.fmp12	0	  Recovering: script 'Vai al formato modulo' (34)
2013-08-27 17:31:53.279 -0400	FMPHP_Sample.fmp12	0	  Recovering: script 'Vai al formato lista' (35)
2013-08-27 17:31:53.281 -0400	FMPHP_Sample.fmp12	0	  Recovering: script 'Regola finestra' (36)
2013-08-27 17:31:53.281 -0400	FMPHP_Sample.fmp12	0	  Recovering: script '-' (37)
2013-08-27 17:31:53.282 -0400	FMPHP_Sample.fmp12	0	  Recovering: script 'Beispieldaten zeigen' (38)
2013-08-27 17:31:53.283 -0400	FMPHP_Sample.fmp12	0	  Recovering: script 'Suchen' (39)
2013-08-27 17:31:53.283 -0400	FMPHP_Sample.fmp12	0	  Recovering: script 'Gehe zu Formularlayout' (40)
2013-08-27 17:31:53.285 -0400	FMPHP_Sample.fmp12	0	  Recovering: script 'Gehe zu Listenlayout' (41)
2013-08-27 17:31:53.285 -0400	FMPHP_Sample.fmp12	0	  Recovering: script 'Fenster anpassen' (42)
2013-08-27 17:31:53.286 -0400	FMPHP_Sample.fmp12	0	  Recovering: script '-' (43)
2013-08-27 17:31:53.286 -0400	FMPHP_Sample.fmp12	0	  Recovering: script 'Visa exempeldata' (44)
2013-08-27 17:31:53.287 -0400	FMPHP_Sample.fmp12	0	  Recovering: script 'Sök' (45)
2013-08-27 17:31:53.288 -0400	FMPHP_Sample.fmp12	0	  Recovering: script 'Gå till formulärlayout' (46)
2013-08-27 17:31:53.289 -0400	FMPHP_Sample.fmp12	0	  Recovering: script 'Gå till listlayout' (47)
2013-08-27 17:31:53.289 -0400	FMPHP_Sample.fmp12	0	  Recovering: script 'Justera fönster' (48)
2013-08-27 17:31:53.290 -0400	FMPHP_Sample.fmp12	0	  Recovering: script '-' (49)
2013-08-27 17:31:53.291 -0400	FMPHP_Sample.fmp12	0	  Recovering: script '-' (50)
2013-08-27 17:31:53.291 -0400	FMPHP_Sample.fmp12	0	  Recovering: script 'サンプルデータの表示' (51)
2013-08-27 17:31:53.292 -0400	FMPHP_Sample.fmp12	0	  Recovering: script '検索' (52)
2013-08-27 17:31:53.292 -0400	FMPHP_Sample.fmp12	0	  Recovering: script 'フォーム形式に切り替え' (53)
2013-08-27 17:31:53.294 -0400	FMPHP_Sample.fmp12	0	  Recovering: script 'リスト形式に切り替え' (54)
2013-08-27 17:31:53.294 -0400	FMPHP_Sample.fmp12	0	  Recovering: script 'ウインドウの調整' (55)
2013-08-27 17:31:53.465 -0400	FMPHP_Sample.fmp12	0	6 layouts were converted.
2013-08-27 17:31:53.466 -0400	FMPHP_Sample.fmp12	0	Updating old layout symbols
2013-08-27 17:31:53.735 -0400	FMPHP_Sample.fmp12	0	Updating old .FP7 file references to .FMP12
2013-08-27 17:31:53.736 -0400	FMPHP_Sample.fmp12	0	  updating .FP7 references in Data Sources
2013-08-27 17:31:53.737 -0400	FMPHP_Sample.fmp12	0	  updating .FP7 references in Scripts
2013-08-27 17:31:53.780 -0400	FMPHP_Sample.fmp12	0	  updating .FP7 references in Buttons
2013-08-27 17:31:53.833 -0400	FMPHP_Sample.fmp12	0	  updating spelling options
2013-08-27 17:31:53.846 -0400	FMPHP_Sample.fmp12	0	Conversion completed.
